<?xml version="1.0" encoding="UTF-8"?>
<coverage generated="1589164644998" clover="3.2.0">
  <project timestamp="1589164644999" name="All files">
    <metrics statements="27" coveredstatements="15" conditionals="4" coveredconditionals="0" methods="14" coveredmethods="8" elements="45" coveredelements="23" complexity="0" loc="27" ncloc="27" packages="2" files="4" classes="4"/>
    <package name="src">
      <metrics statements="15" coveredstatements="6" conditionals="4" coveredconditionals="0" methods="7" coveredmethods="4"/>
      <file name="index.jsx" path="/Users/Max/Documents/HackReactor/FEC/ingredients-carousel-and-equipment-list/client/src/index.jsx">
        <metrics statements="15" coveredstatements="6" conditionals="4" coveredconditionals="0" methods="7" coveredmethods="4"/>
        <line num="10" count="1" type="stmt"/>
        <line num="12" count="1" type="stmt"/>
        <line num="20" count="1" type="stmt"/>
        <line num="21" count="1" type="stmt"/>
        <line num="25" count="0" type="stmt"/>
        <line num="26" count="0" type="cond" truecount="0" falsecount="2"/>
        <line num="27" count="0" type="stmt"/>
        <line num="28" count="0" type="stmt"/>
        <line num="33" count="0" type="cond" truecount="0" falsecount="2"/>
        <line num="34" count="0" type="stmt"/>
        <line num="35" count="0" type="stmt"/>
        <line num="43" count="2" type="stmt"/>
        <line num="44" count="2" type="stmt"/>
        <line num="49" count="0" type="stmt"/>
        <line num="50" count="0" type="stmt"/>
      </file>
    </package>
    <package name="src.components">
      <metrics statements="12" coveredstatements="9" conditionals="0" coveredconditionals="0" methods="7" coveredmethods="4"/>
      <file name="IngredientImgs.jsx" path="/Users/Max/Documents/HackReactor/FEC/ingredients-carousel-and-equipment-list/client/src/components/IngredientImgs.jsx">
        <metrics statements="4" coveredstatements="3" conditionals="0" coveredconditionals="0" methods="2" coveredmethods="1"/>
        <line num="4" count="1" type="stmt"/>
        <line num="5" count="3" type="stmt"/>
        <line num="6" count="0" type="stmt"/>
        <line num="10" count="1" type="stmt"/>
      </file>
      <file name="IngredientList.jsx" path="/Users/Max/Documents/HackReactor/FEC/ingredients-carousel-and-equipment-list/client/src/components/IngredientList.jsx">
        <metrics statements="4" coveredstatements="3" conditionals="0" coveredconditionals="0" methods="2" coveredmethods="1"/>
        <line num="4" count="1" type="stmt"/>
        <line num="5" count="3" type="stmt"/>
        <line num="8" count="0" type="stmt"/>
        <line num="17" count="1" type="stmt"/>
      </file>
      <file name="parse.jsx" path="/Users/Max/Documents/HackReactor/FEC/ingredients-carousel-and-equipment-list/client/src/components/parse.jsx">
        <metrics statements="4" coveredstatements="3" conditionals="0" coveredconditionals="0" methods="3" coveredmethods="2"/>
        <line num="3" count="1" type="stmt"/>
        <line num="4" count="1" type="stmt"/>
        <line num="7" count="0" type="stmt"/>
        <line num="8" count="1" type="stmt"/>
      </file>
    </package>
  </project>
</coverage>
