{"/Users/Max/Documents/HackReactor/FEC/ingredients-carousel-and-equipment-list/client/src/index.jsx": {"path":"/Users/Max/Documents/HackReactor/FEC/ingredients-carousel-and-equipment-list/client/src/index.jsx","statementMap":{"0":{"start":{"line":7,"column":20},"end":{"line":17,"column":1}},"1":{"start":{"line":8,"column":2},"end":{"line":8,"column":21}},"2":{"start":{"line":9,"column":2},"end":{"line":12,"column":3}},"3":{"start":{"line":10,"column":4},"end":{"line":10,"column":75}},"4":{"start":{"line":11,"column":4},"end":{"line":11,"column":74}},"5":{"start":{"line":13,"column":2},"end":{"line":16,"column":3}},"6":{"start":{"line":14,"column":4},"end":{"line":14,"column":75}},"7":{"start":{"line":15,"column":4},"end":{"line":15,"column":74}},"8":{"start":{"line":21,"column":4},"end":{"line":21,"column":17}},"9":{"start":{"line":23,"column":4},"end":{"line":26,"column":6}},"10":{"start":{"line":30,"column":4},"end":{"line":31,"column":63}},"11":{"start":{"line":31,"column":23},"end":{"line":31,"column":59}},"12":{"start":{"line":32,"column":4},"end":{"line":33,"column":61}},"13":{"start":{"line":33,"column":23},"end":{"line":33,"column":57}},"14":{"start":{"line":37,"column":28},"end":{"line":37,"column":38}},"15":{"start":{"line":38,"column":4},"end":{"line":45,"column":6}},"16":{"start":{"line":40,"column":46},"end":{"line":40,"column":60}},"17":{"start":{"line":41,"column":46},"end":{"line":41,"column":60}}},"fnMap":{"0":{"name":"(anonymous_0)","decl":{"start":{"line":7,"column":20},"end":{"line":7,"column":21}},"loc":{"start":{"line":7,"column":27},"end":{"line":17,"column":1}},"line":7},"1":{"name":"(anonymous_1)","decl":{"start":{"line":20,"column":2},"end":{"line":20,"column":3}},"loc":{"start":{"line":20,"column":21},"end":{"line":27,"column":3}},"line":20},"2":{"name":"(anonymous_2)","decl":{"start":{"line":29,"column":2},"end":{"line":29,"column":3}},"loc":{"start":{"line":29,"column":22},"end":{"line":34,"column":3}},"line":29},"3":{"name":"(anonymous_3)","decl":{"start":{"line":31,"column":12},"end":{"line":31,"column":13}},"loc":{"start":{"line":31,"column":21},"end":{"line":31,"column":61}},"line":31},"4":{"name":"(anonymous_4)","decl":{"start":{"line":33,"column":12},"end":{"line":33,"column":13}},"loc":{"start":{"line":33,"column":21},"end":{"line":33,"column":59}},"line":33},"5":{"name":"(anonymous_5)","decl":{"start":{"line":36,"column":2},"end":{"line":36,"column":3}},"loc":{"start":{"line":36,"column":11},"end":{"line":46,"column":3}},"line":36},"6":{"name":"(anonymous_6)","decl":{"start":{"line":40,"column":39},"end":{"line":40,"column":40}},"loc":{"start":{"line":40,"column":46},"end":{"line":40,"column":60}},"line":40},"7":{"name":"(anonymous_7)","decl":{"start":{"line":41,"column":39},"end":{"line":41,"column":40}},"loc":{"start":{"line":41,"column":46},"end":{"line":41,"column":60}},"line":41}},"branchMap":{"0":{"loc":{"start":{"line":9,"column":2},"end":{"line":12,"column":3}},"type":"if","locations":[{"start":{"line":9,"column":2},"end":{"line":12,"column":3}},{"start":{"line":9,"column":2},"end":{"line":12,"column":3}}],"line":9},"1":{"loc":{"start":{"line":13,"column":2},"end":{"line":16,"column":3}},"type":"if","locations":[{"start":{"line":13,"column":2},"end":{"line":16,"column":3}},{"start":{"line":13,"column":2},"end":{"line":16,"column":3}}],"line":13}},"s":{"0":1,"1":0,"2":0,"3":0,"4":0,"5":0,"6":0,"7":0,"8":1,"9":1,"10":1,"11":1,"12":1,"13":1,"14":2,"15":2,"16":0,"17":0},"f":{"0":0,"1":1,"2":1,"3":1,"4":1,"5":2,"6":0,"7":0},"b":{"0":[0,0],"1":[0,0]},"_coverageSchema":"1a1c01bbd47fc00a2c39e90264f33305004495a9","hash":"5230957b7296b01dea5e9e87a0ccaec5500de1bf"}
,"/Users/Max/Documents/HackReactor/FEC/ingredients-carousel-and-equipment-list/client/src/components/IngredientImgs.jsx": {"path":"/Users/Max/Documents/HackReactor/FEC/ingredients-carousel-and-equipment-list/client/src/components/IngredientImgs.jsx","statementMap":{"0":{"start":{"line":4,"column":23},"end":{"line":8,"column":1}},"1":{"start":{"line":5,"column":2},"end":{"line":7,"column":8}},"2":{"start":{"line":6,"column":38},"end":{"line":6,"column":76}},"3":{"start":{"line":10,"column":0},"end":{"line":12,"column":2}}},"fnMap":{"0":{"name":"(anonymous_0)","decl":{"start":{"line":4,"column":23},"end":{"line":4,"column":24}},"loc":{"start":{"line":5,"column":2},"end":{"line":7,"column":8}},"line":5},"1":{"name":"(anonymous_1)","decl":{"start":{"line":6,"column":21},"end":{"line":6,"column":22}},"loc":{"start":{"line":6,"column":38},"end":{"line":6,"column":76}},"line":6}},"branchMap":{},"s":{"0":1,"1":3,"2":0,"3":1},"f":{"0":3,"1":0},"b":{},"_coverageSchema":"1a1c01bbd47fc00a2c39e90264f33305004495a9","hash":"bb65dd69a6e29cf51aa1a2e7ae25a3ed69ad3b85"}
,"/Users/Max/Documents/HackReactor/FEC/ingredients-carousel-and-equipment-list/client/src/components/IngredientList.jsx": {"path":"/Users/Max/Documents/HackReactor/FEC/ingredients-carousel-and-equipment-list/client/src/components/IngredientList.jsx","statementMap":{"0":{"start":{"line":4,"column":23},"end":{"line":15,"column":1}},"1":{"start":{"line":5,"column":2},"end":{"line":14,"column":8}},"2":{"start":{"line":8,"column":8},"end":{"line":11,"column":13}},"3":{"start":{"line":17,"column":0},"end":{"line":19,"column":2}}},"fnMap":{"0":{"name":"(anonymous_0)","decl":{"start":{"line":4,"column":23},"end":{"line":4,"column":24}},"loc":{"start":{"line":5,"column":2},"end":{"line":14,"column":8}},"line":5},"1":{"name":"(anonymous_1)","decl":{"start":{"line":7,"column":23},"end":{"line":7,"column":24}},"loc":{"start":{"line":8,"column":8},"end":{"line":11,"column":13}},"line":8}},"branchMap":{},"s":{"0":1,"1":3,"2":0,"3":1},"f":{"0":3,"1":0},"b":{},"_coverageSchema":"1a1c01bbd47fc00a2c39e90264f33305004495a9","hash":"0ca46dc1ab78ec0f3a7ed7e65f2dec4231be4973"}
,"/Users/Max/Documents/HackReactor/FEC/ingredients-carousel-and-equipment-list/client/src/components/parse.jsx": {"path":"/Users/Max/Documents/HackReactor/FEC/ingredients-carousel-and-equipment-list/client/src/components/parse.jsx","statementMap":{"0":{"start":{"line":3,"column":14},"end":{"line":15,"column":1}},"1":{"start":{"line":4,"column":26},"end":{"line":8,"column":39}},"2":{"start":{"line":7,"column":19},"end":{"line":7,"column":29}},"3":{"start":{"line":8,"column":20},"end":{"line":8,"column":38}},"4":{"start":{"line":10,"column":24},"end":{"line":14,"column":39}},"5":{"start":{"line":13,"column":19},"end":{"line":13,"column":29}},"6":{"start":{"line":14,"column":20},"end":{"line":14,"column":38}}},"fnMap":{"0":{"name":"(anonymous_0)","decl":{"start":{"line":4,"column":18},"end":{"line":4,"column":19}},"loc":{"start":{"line":4,"column":26},"end":{"line":8,"column":39}},"line":4},"1":{"name":"(anonymous_1)","decl":{"start":{"line":7,"column":10},"end":{"line":7,"column":11}},"loc":{"start":{"line":7,"column":19},"end":{"line":7,"column":29}},"line":7},"2":{"name":"(anonymous_2)","decl":{"start":{"line":8,"column":11},"end":{"line":8,"column":12}},"loc":{"start":{"line":8,"column":20},"end":{"line":8,"column":38}},"line":8},"3":{"name":"(anonymous_3)","decl":{"start":{"line":10,"column":16},"end":{"line":10,"column":17}},"loc":{"start":{"line":10,"column":24},"end":{"line":14,"column":39}},"line":10},"4":{"name":"(anonymous_4)","decl":{"start":{"line":13,"column":10},"end":{"line":13,"column":11}},"loc":{"start":{"line":13,"column":19},"end":{"line":13,"column":29}},"line":13},"5":{"name":"(anonymous_5)","decl":{"start":{"line":14,"column":11},"end":{"line":14,"column":12}},"loc":{"start":{"line":14,"column":20},"end":{"line":14,"column":38}},"line":14}},"branchMap":{},"s":{"0":1,"1":1,"2":0,"3":1,"4":1,"5":0,"6":1},"f":{"0":1,"1":0,"2":1,"3":1,"4":0,"5":1},"b":{},"_coverageSchema":"1a1c01bbd47fc00a2c39e90264f33305004495a9","hash":"3f9b031a3b19dd1e4162f34c694db27e45056613"}
}
