{"/Users/Max/Documents/HackReactor/FEC/ingredients-carousel-and-equipment-list/client/src/index.jsx": {"path":"/Users/Max/Documents/HackReactor/FEC/ingredients-carousel-and-equipment-list/client/src/index.jsx","statementMap":{"0":{"start":{"line":10,"column":4},"end":{"line":10,"column":17}},"1":{"start":{"line":12,"column":4},"end":{"line":16,"column":6}},"2":{"start":{"line":20,"column":4},"end":{"line":21,"column":63}},"3":{"start":{"line":21,"column":23},"end":{"line":21,"column":59}},"4":{"start":{"line":25,"column":4},"end":{"line":25,"column":23}},"5":{"start":{"line":26,"column":4},"end":{"line":32,"column":5}},"6":{"start":{"line":27,"column":6},"end":{"line":27,"column":65}},"7":{"start":{"line":28,"column":6},"end":{"line":31,"column":9}},"8":{"start":{"line":33,"column":4},"end":{"line":39,"column":5}},"9":{"start":{"line":34,"column":6},"end":{"line":34,"column":68}},"10":{"start":{"line":35,"column":6},"end":{"line":38,"column":9}},"11":{"start":{"line":43,"column":51},"end":{"line":43,"column":61}},"12":{"start":{"line":44,"column":4},"end":{"line":62,"column":6}},"13":{"start":{"line":49,"column":72},"end":{"line":49,"column":91}},"14":{"start":{"line":50,"column":71},"end":{"line":50,"column":90}}},"fnMap":{"0":{"name":"(anonymous_0)","decl":{"start":{"line":9,"column":2},"end":{"line":9,"column":3}},"loc":{"start":{"line":9,"column":21},"end":{"line":17,"column":3}},"line":9},"1":{"name":"(anonymous_1)","decl":{"start":{"line":19,"column":2},"end":{"line":19,"column":3}},"loc":{"start":{"line":19,"column":22},"end":{"line":22,"column":3}},"line":19},"2":{"name":"(anonymous_2)","decl":{"start":{"line":21,"column":12},"end":{"line":21,"column":13}},"loc":{"start":{"line":21,"column":21},"end":{"line":21,"column":61}},"line":21},"3":{"name":"(anonymous_3)","decl":{"start":{"line":24,"column":2},"end":{"line":24,"column":3}},"loc":{"start":{"line":24,"column":17},"end":{"line":40,"column":3}},"line":24},"4":{"name":"(anonymous_4)","decl":{"start":{"line":42,"column":2},"end":{"line":42,"column":3}},"loc":{"start":{"line":42,"column":11},"end":{"line":63,"column":3}},"line":42},"5":{"name":"(anonymous_5)","decl":{"start":{"line":49,"column":65},"end":{"line":49,"column":66}},"loc":{"start":{"line":49,"column":72},"end":{"line":49,"column":91}},"line":49},"6":{"name":"(anonymous_6)","decl":{"start":{"line":50,"column":64},"end":{"line":50,"column":65}},"loc":{"start":{"line":50,"column":71},"end":{"line":50,"column":90}},"line":50}},"branchMap":{"0":{"loc":{"start":{"line":26,"column":4},"end":{"line":32,"column":5}},"type":"if","locations":[{"start":{"line":26,"column":4},"end":{"line":32,"column":5}},{"start":{"line":26,"column":4},"end":{"line":32,"column":5}}],"line":26},"1":{"loc":{"start":{"line":33,"column":4},"end":{"line":39,"column":5}},"type":"if","locations":[{"start":{"line":33,"column":4},"end":{"line":39,"column":5}},{"start":{"line":33,"column":4},"end":{"line":39,"column":5}}],"line":33}},"s":{"0":1,"1":1,"2":1,"3":1,"4":0,"5":0,"6":0,"7":0,"8":0,"9":0,"10":0,"11":2,"12":2,"13":0,"14":0},"f":{"0":1,"1":1,"2":1,"3":0,"4":2,"5":0,"6":0},"b":{"0":[0,0],"1":[0,0]},"_coverageSchema":"1a1c01bbd47fc00a2c39e90264f33305004495a9","hash":"cd0b860a73ba224d64ba2a374a992ba84e107e14"}
,"/Users/Max/Documents/HackReactor/FEC/ingredients-carousel-and-equipment-list/client/src/components/IngredientImgs.jsx": {"path":"/Users/Max/Documents/HackReactor/FEC/ingredients-carousel-and-equipment-list/client/src/components/IngredientImgs.jsx","statementMap":{"0":{"start":{"line":4,"column":23},"end":{"line":8,"column":1}},"1":{"start":{"line":5,"column":2},"end":{"line":7,"column":8}},"2":{"start":{"line":6,"column":38},"end":{"line":6,"column":76}},"3":{"start":{"line":10,"column":0},"end":{"line":12,"column":2}}},"fnMap":{"0":{"name":"(anonymous_0)","decl":{"start":{"line":4,"column":23},"end":{"line":4,"column":24}},"loc":{"start":{"line":5,"column":2},"end":{"line":7,"column":8}},"line":5},"1":{"name":"(anonymous_1)","decl":{"start":{"line":6,"column":21},"end":{"line":6,"column":22}},"loc":{"start":{"line":6,"column":38},"end":{"line":6,"column":76}},"line":6}},"branchMap":{},"s":{"0":1,"1":3,"2":0,"3":1},"f":{"0":3,"1":0},"b":{},"_coverageSchema":"1a1c01bbd47fc00a2c39e90264f33305004495a9","hash":"bb65dd69a6e29cf51aa1a2e7ae25a3ed69ad3b85"}
,"/Users/Max/Documents/HackReactor/FEC/ingredients-carousel-and-equipment-list/client/src/components/IngredientList.jsx": {"path":"/Users/Max/Documents/HackReactor/FEC/ingredients-carousel-and-equipment-list/client/src/components/IngredientList.jsx","statementMap":{"0":{"start":{"line":4,"column":23},"end":{"line":15,"column":1}},"1":{"start":{"line":5,"column":2},"end":{"line":14,"column":8}},"2":{"start":{"line":8,"column":8},"end":{"line":11,"column":13}},"3":{"start":{"line":17,"column":0},"end":{"line":19,"column":2}}},"fnMap":{"0":{"name":"(anonymous_0)","decl":{"start":{"line":4,"column":23},"end":{"line":4,"column":24}},"loc":{"start":{"line":5,"column":2},"end":{"line":14,"column":8}},"line":5},"1":{"name":"(anonymous_1)","decl":{"start":{"line":7,"column":23},"end":{"line":7,"column":24}},"loc":{"start":{"line":8,"column":8},"end":{"line":11,"column":13}},"line":8}},"branchMap":{},"s":{"0":1,"1":3,"2":0,"3":1},"f":{"0":3,"1":0},"b":{},"_coverageSchema":"1a1c01bbd47fc00a2c39e90264f33305004495a9","hash":"0ca46dc1ab78ec0f3a7ed7e65f2dec4231be4973"}
,"/Users/Max/Documents/HackReactor/FEC/ingredients-carousel-and-equipment-list/client/src/components/parse.jsx": {"path":"/Users/Max/Documents/HackReactor/FEC/ingredients-carousel-and-equipment-list/client/src/components/parse.jsx","statementMap":{"0":{"start":{"line":3,"column":14},"end":{"line":9,"column":1}},"1":{"start":{"line":4,"column":26},"end":{"line":8,"column":39}},"2":{"start":{"line":7,"column":19},"end":{"line":7,"column":29}},"3":{"start":{"line":8,"column":20},"end":{"line":8,"column":38}}},"fnMap":{"0":{"name":"(anonymous_0)","decl":{"start":{"line":4,"column":18},"end":{"line":4,"column":19}},"loc":{"start":{"line":4,"column":26},"end":{"line":8,"column":39}},"line":4},"1":{"name":"(anonymous_1)","decl":{"start":{"line":7,"column":10},"end":{"line":7,"column":11}},"loc":{"start":{"line":7,"column":19},"end":{"line":7,"column":29}},"line":7},"2":{"name":"(anonymous_2)","decl":{"start":{"line":8,"column":11},"end":{"line":8,"column":12}},"loc":{"start":{"line":8,"column":20},"end":{"line":8,"column":38}},"line":8}},"branchMap":{},"s":{"0":1,"1":1,"2":0,"3":1},"f":{"0":1,"1":0,"2":1},"b":{},"_coverageSchema":"1a1c01bbd47fc00a2c39e90264f33305004495a9","hash":"17ae1adaa9d6751cdbe6e0875b8cf367df2e5ed2"}
}
